c:\users\dhana\source\repos\cppemployee\x64\debug\vc143.pdb
c:\users\dhana\source\repos\cppemployee\x64\debug\.netframework,version=v4.8.1.assemblyattributes.obj
c:\users\dhana\source\repos\cppemployee\x64\debug\myform.obj
c:\users\dhana\source\repos\cppemployee\x64\debug\mysql.data.dll
c:\users\dhana\source\repos\cppemployee\x64\debug\google.protobuf.dll
c:\users\dhana\source\repos\cppemployee\x64\debug\zstdnet.dll
c:\users\dhana\source\repos\cppemployee\x64\debug\k4os.compression.lz4.streams.dll
c:\users\dhana\source\repos\cppemployee\x64\debug\bouncycastle.crypto.dll
c:\users\dhana\source\repos\cppemployee\x64\debug\system.security.permissions.dll
c:\users\dhana\source\repos\cppemployee\x64\debug\system.configuration.configurationmanager.dll
c:\users\dhana\source\repos\cppemployee\x64\debug\system.runtime.compilerservices.unsafe.dll
c:\users\dhana\source\repos\cppemployee\x64\debug\system.buffers.dll
c:\users\dhana\source\repos\cppemployee\x64\debug\k4os.compression.lz4.dll
c:\users\dhana\source\repos\cppemployee\x64\debug\k4os.hash.xxhash.dll
c:\users\dhana\source\repos\cppemployee\x64\debug\system.windows.extensions.dll
c:\users\dhana\source\repos\cppemployee\x64\debug\system.security.cryptography.protecteddata.dll
c:\users\dhana\source\repos\cppemployee\x64\debug\mysql.data.xml
c:\users\dhana\source\repos\cppemployee\x64\debug\cppemployee.exe
c:\users\dhana\source\repos\cppemployee\x64\debug\cppemployee.pdb
c:\users\dhana\source\repos\cppemployee\x64\debug\cppemployee.exe.metagen
c:\users\dhana\source\repos\cppemployee\x64\debug\cppemployee.tlog\cl.command.1.tlog
c:\users\dhana\source\repos\cppemployee\x64\debug\cppemployee.tlog\cl.read.1.tlog
c:\users\dhana\source\repos\cppemployee\x64\debug\cppemployee.tlog\cl.write.1.tlog
c:\users\dhana\source\repos\cppemployee\x64\debug\cppemployee.tlog\copylocal.read.1u.tlog
c:\users\dhana\source\repos\cppemployee\x64\debug\cppemployee.tlog\copylocal.write.1u.tlog
c:\users\dhana\source\repos\cppemployee\x64\debug\cppemployee.tlog\link.command.1.tlog
c:\users\dhana\source\repos\cppemployee\x64\debug\cppemployee.tlog\link.read.1.tlog
c:\users\dhana\source\repos\cppemployee\x64\debug\cppemployee.tlog\link.write.1.tlog
c:\users\dhana\source\repos\cppemployee\x64\debug\cppemployee.tlog\metagen.read.1.tlog
c:\users\dhana\source\repos\cppemployee\x64\debug\cppemployee.tlog\metagen.write.1.tlog
c:\users\dhana\source\repos\cppemployee\x64\debug\cppemployee.tlog\resgen.command.1.tlog
c:\users\dhana\source\repos\cppemployee\x64\debug\cppemployee.tlog\resgen.read.1.tlog
c:\users\dhana\source\repos\cppemployee\x64\debug\cppemployee.tlog\resgen.write.1.tlog
